0 info it worked if it ends with ok
1 verbose cli [ 'C:\\Program Files\\nodejs\\\\node.exe',
1 verbose cli   'C:\\Program Files\\nodejs\\node_modules\\npm\\bin\\npm-cli.js',
1 verbose cli   'publish' ]
2 info using npm@2.5.1
3 info using node@v0.12.0
4 verbose node symlink C:\Program Files\nodejs\\node.exe
5 verbose publish [ '.' ]
6 silly cache add args [ '.', null ]
7 verbose cache add spec .
8 silly cache add parsed spec { raw: '.',
8 silly cache add   scope: null,
8 silly cache add   name: null,
8 silly cache add   rawSpec: '.',
8 silly cache add   spec: 'D:\\Workspace\\paxcel-node-new',
8 silly cache add   type: 'directory' }
9 verbose addLocalDirectory C:\Users\Manish\AppData\Roaming\npm-cache\paxcel-cms-cli\0.0.3\package.tgz not in flight; packing
10 verbose tar pack [ 'C:\\Users\\Manish\\AppData\\Roaming\\npm-cache\\paxcel-cms-cli\\0.0.3\\package.tgz',
10 verbose tar pack   'D:\\Workspace\\paxcel-node-new' ]
11 verbose tarball C:\Users\Manish\AppData\Roaming\npm-cache\paxcel-cms-cli\0.0.3\package.tgz
12 verbose folder D:\Workspace\paxcel-node-new
13 info prepublish paxcel-cms-cli@0.0.3
14 verbose addLocalTarball adding from inside cache C:\Users\Manish\AppData\Roaming\npm-cache\paxcel-cms-cli\0.0.3\package.tgz
15 silly cache afterAdd paxcel-cms-cli@0.0.3
16 verbose afterAdd C:\Users\Manish\AppData\Roaming\npm-cache\paxcel-cms-cli\0.0.3\package\package.json not in flight; writing
17 verbose afterAdd C:\Users\Manish\AppData\Roaming\npm-cache\paxcel-cms-cli\0.0.3\package\package.json written
18 silly publish { name: 'paxcel-cms-cli',
18 silly publish   version: '0.0.3',
18 silly publish   author: { name: 'Manish Garg', email: 'manish.garg@paxcel.net' },
18 silly publish   description: 'Commande line app for Paxcel Technologies.',
18 silly publish   repository:
18 silly publish    { type: 'git',
18 silly publish      url: 'https://github.com/manishGarg57/paxcel-cli' },
18 silly publish   dependencies: { commander: '^2.8.1', 'paxcel-cms-core': '*' },
18 silly publish   preferGlobal: true,
18 silly publish   bin: { paxcms: 'lib/paxcel.js' },
18 silly publish   engines: { node: '>= 0.12.x' },
18 silly publish   readme: '# Paxcel CMS CLI \r\n\r\nCommand Line Interface for creating Jekyll websites and hosting on Github.\r\n\r\n## Pre-requisites\r\nMake sure that Node.js and git are installed on your system.\r\n\r\n## Installation\r\n`npm install -g paxcel-cms-cli`\r\n\r\n## Commands\r\n\r\n - `paxcms create [type]`\r\nCreate new website. Possible arguments: website, blog, docs.\r\nDefault:website\r\n\r\n - `paxcms add`\r\nAdd new page, post, layout, section or team member.\r\n\r\n - `paxcms delete`\r\nDelete page, post, layout, section or team member.\r\n\r\n## Options\r\n\r\n - `-h, --help`\r\n output usage information\r\n \r\n - `-V, --version`\r\n output the version number',
18 silly publish   readmeFilename: 'README.md',
18 silly publish   gitHead: 'f23cb0561a17397b6799b0c0081849d6c59d45d5',
18 silly publish   bugs: { url: 'https://github.com/manishGarg57/paxcel-cli/issues' },
18 silly publish   homepage: 'https://github.com/manishGarg57/paxcel-cli',
18 silly publish   _id: 'paxcel-cms-cli@0.0.3',
18 silly publish   scripts: {},
18 silly publish   _shasum: '3b8f1bb64c3c59ffced585a9a0405be0a21d8a73',
18 silly publish   _from: '.' }
19 silly mapToRegistry name paxcel-cms-cli
20 silly mapToRegistry using default registry
21 silly mapToRegistry registry https://registry.npmjs.org/
22 silly mapToRegistry uri https://registry.npmjs.org/paxcel-cms-cli
23 verbose publish registryBase https://registry.npmjs.org/
24 silly publish uploading C:\Users\Manish\AppData\Roaming\npm-cache\paxcel-cms-cli\0.0.3\package.tgz
25 verbose request uri https://registry.npmjs.org/paxcel-cms-cli
26 verbose request sending authorization for write operation
27 info attempt registry request try #1 at 5:24:22 PM
28 verbose request using bearer token for auth
29 verbose request id d34dd7a0322c9e2e
30 http request PUT https://registry.npmjs.org/paxcel-cms-cli
31 http 403 https://registry.npmjs.org/paxcel-cms-cli
32 verbose headers { 'content-type': 'application/json',
32 verbose headers   'cache-control': 'max-age=60',
32 verbose headers   'content-length': '95',
32 verbose headers   'accept-ranges': 'bytes',
32 verbose headers   date: 'Fri, 29 May 2015 11:54:23 GMT',
32 verbose headers   via: '1.1 varnish',
32 verbose headers   connection: 'keep-alive',
32 verbose headers   'x-served-by': 'cache-sin6923-SIN',
32 verbose headers   'x-cache': 'MISS',
32 verbose headers   'x-cache-hits': '0',
32 verbose headers   'x-timer': 'S1432900461.872314,VS0,VE1615' }
33 verbose request invalidating C:\Users\Manish\AppData\Roaming\npm-cache\registry.npmjs.org\paxcel-cms-cli on PUT
34 error publish Failed PUT 403
35 verbose stack Error: "You cannot publish over the previously published version 0.0.3." : paxcel-cms-cli
35 verbose stack     at CachingRegistryClient.<anonymous> (C:\Users\Manish\AppData\Roaming\nvm\v0.12.0\node_modules\npm\node_modules\npm-registry-client\lib\request.js:254:14)
35 verbose stack     at Request._callback (C:\Users\Manish\AppData\Roaming\nvm\v0.12.0\node_modules\npm\node_modules\npm-registry-client\lib\request.js:178:14)
35 verbose stack     at Request.self.callback (C:\Users\Manish\AppData\Roaming\nvm\v0.12.0\node_modules\npm\node_modules\request\request.js:344:22)
35 verbose stack     at Request.emit (events.js:110:17)
35 verbose stack     at Request.<anonymous> (C:\Users\Manish\AppData\Roaming\nvm\v0.12.0\node_modules\npm\node_modules\request\request.js:1239:14)
35 verbose stack     at Request.emit (events.js:129:20)
35 verbose stack     at IncomingMessage.<anonymous> (C:\Users\Manish\AppData\Roaming\nvm\v0.12.0\node_modules\npm\node_modules\request\request.js:1187:12)
35 verbose stack     at IncomingMessage.emit (events.js:129:20)
35 verbose stack     at _stream_readable.js:908:16
35 verbose stack     at process._tickCallback (node.js:355:11)
36 verbose statusCode 403
37 verbose pkgid paxcel-cms-cli
38 verbose cwd D:\Workspace\paxcel-node-new
39 error Windows_NT 6.3.9600
40 error argv "C:\\Program Files\\nodejs\\\\node.exe" "C:\\Program Files\\nodejs\\node_modules\\npm\\bin\\npm-cli.js" "publish"
41 error node v0.12.0
42 error npm  v2.5.1
43 error code E403
44 error "You cannot publish over the previously published version 0.0.3." : paxcel-cms-cli
45 error If you need help, you may report this error at:
45 error     <http://github.com/npm/npm/issues>
46 verbose exit [ 1, true ]
